0 info it worked if it ends with ok
1 verbose cli [ '/home/alvi/.nvm/versions/node/v6.0.0/bin/node',
1 verbose cli   '/home/alvi/.nvm/versions/node/v6.0.0/bin/npm',
1 verbose cli   'install',
1 verbose cli   '-g',
1 verbose cli   'braingames-hexlet' ]
2 info using npm@3.8.6
3 info using node@v6.0.0
4 silly loadCurrentTree Starting
5 silly install loadCurrentTree
6 silly install readGlobalPackageData
7 silly fetchPackageMetaData braingames-hexlet
8 silly fetchNamedPackageData braingames-hexlet
9 silly mapToRegistry name braingames-hexlet
10 silly mapToRegistry using default registry
11 silly mapToRegistry registry https://registry.npmjs.org/
12 silly mapToRegistry data Result {
12 silly mapToRegistry   raw: 'braingames-hexlet',
12 silly mapToRegistry   scope: null,
12 silly mapToRegistry   name: 'braingames-hexlet',
12 silly mapToRegistry   rawSpec: '',
12 silly mapToRegistry   spec: 'latest',
12 silly mapToRegistry   type: 'tag' }
13 silly mapToRegistry uri https://registry.npmjs.org/braingames-hexlet
14 verbose request uri https://registry.npmjs.org/braingames-hexlet
15 verbose request no auth needed
16 info attempt registry request try #1 at 4:39:37 PM
17 verbose request using bearer token for auth
18 verbose request id 663c9b8d598063c8
19 http request GET https://registry.npmjs.org/braingames-hexlet
20 http 200 https://registry.npmjs.org/braingames-hexlet
21 verbose headers { server: 'nginx/1.10.1',
21 verbose headers   'content-type': 'application/json',
21 verbose headers   'last-modified': 'Mon, 09 Oct 2017 13:38:59 GMT',
21 verbose headers   etag: 'W/"59db7bf3-d33"',
21 verbose headers   'content-encoding': 'gzip',
21 verbose headers   'cache-control': 'max-age=300',
21 verbose headers   'transfer-encoding': 'chunked',
21 verbose headers   'accept-ranges': 'bytes',
21 verbose headers   date: 'Mon, 09 Oct 2017 13:39:38 GMT',
21 verbose headers   via: '1.1 varnish',
21 verbose headers   connection: 'keep-alive',
21 verbose headers   'x-served-by': 'cache-fra1249-FRA',
21 verbose headers   'x-cache': 'MISS',
21 verbose headers   'x-cache-hits': '0',
21 verbose headers   'x-timer': 'S1507556378.197822,VS0,VE403',
21 verbose headers   vary: 'Accept-Encoding, Accept' }
22 silly get cb [ 200,
22 silly get   { server: 'nginx/1.10.1',
22 silly get     'content-type': 'application/json',
22 silly get     'last-modified': 'Mon, 09 Oct 2017 13:38:59 GMT',
22 silly get     etag: 'W/"59db7bf3-d33"',
22 silly get     'content-encoding': 'gzip',
22 silly get     'cache-control': 'max-age=300',
22 silly get     'transfer-encoding': 'chunked',
22 silly get     'accept-ranges': 'bytes',
22 silly get     date: 'Mon, 09 Oct 2017 13:39:38 GMT',
22 silly get     via: '1.1 varnish',
22 silly get     connection: 'keep-alive',
22 silly get     'x-served-by': 'cache-fra1249-FRA',
22 silly get     'x-cache': 'MISS',
22 silly get     'x-cache-hits': '0',
22 silly get     'x-timer': 'S1507556378.197822,VS0,VE403',
22 silly get     vary: 'Accept-Encoding, Accept' } ]
23 verbose get saving braingames-hexlet to /home/alvi/.npm/registry.npmjs.org/braingames-hexlet/.cache.json
24 verbose correctMkdir /home/alvi/.npm correctMkdir not in flight; initializing
25 silly install normalizeTree
26 silly loadCurrentTree Finishing
27 silly loadIdealTree Starting
28 silly install loadIdealTree
29 silly cloneCurrentTree Starting
30 silly install cloneCurrentTreeToIdealTree
31 silly cloneCurrentTree Finishing
32 silly loadShrinkwrap Starting
33 silly install loadShrinkwrap
34 silly loadShrinkwrap Finishing
35 silly loadAllDepsIntoIdealTree Starting
36 silly install loadAllDepsIntoIdealTree
37 silly resolveWithNewModule braingames-hexlet@1.0.2 checking installable status
38 silly cache add args [ 'braingames-hexlet', null ]
39 verbose cache add spec braingames-hexlet
40 silly cache add parsed spec Result {
40 silly cache add   raw: 'braingames-hexlet',
40 silly cache add   scope: null,
40 silly cache add   name: 'braingames-hexlet',
40 silly cache add   rawSpec: '',
40 silly cache add   spec: 'latest',
40 silly cache add   type: 'tag' }
41 silly addNamed braingames-hexlet@latest
42 verbose addNamed "latest" is being treated as a dist-tag for braingames-hexlet
43 info addNameTag [ 'braingames-hexlet', 'latest' ]
44 silly mapToRegistry name braingames-hexlet
45 silly mapToRegistry using default registry
46 silly mapToRegistry registry https://registry.npmjs.org/
47 silly mapToRegistry data Result {
47 silly mapToRegistry   raw: 'braingames-hexlet',
47 silly mapToRegistry   scope: null,
47 silly mapToRegistry   name: 'braingames-hexlet',
47 silly mapToRegistry   rawSpec: '',
47 silly mapToRegistry   spec: 'latest',
47 silly mapToRegistry   type: 'tag' }
48 silly mapToRegistry uri https://registry.npmjs.org/braingames-hexlet
49 verbose addNameTag registry:https://registry.npmjs.org/braingames-hexlet not in flight; fetching
50 verbose get https://registry.npmjs.org/braingames-hexlet not expired, no request
51 silly addNameTag next cb for braingames-hexlet with tag latest
52 silly addNamed braingames-hexlet@1.0.2
53 verbose addNamed "1.0.2" is a plain semver version for braingames-hexlet
54 silly cache afterAdd braingames-hexlet@1.0.2
55 verbose afterAdd /home/alvi/.npm/braingames-hexlet/1.0.2/package/package.json not in flight; writing
56 verbose correctMkdir /home/alvi/.npm correctMkdir not in flight; initializing
57 verbose afterAdd /home/alvi/.npm/braingames-hexlet/1.0.2/package/package.json written
58 silly loadAllDepsIntoIdealTree Finishing
59 silly idealTree:prePrune lib
59 silly idealTree:prePrune └── braingames-hexlet@1.0.2
60 silly loadIdealTree Finishing
61 silly currentTree lib
62 silly idealTree lib
62 silly idealTree └── braingames-hexlet@1.0.2
63 silly generateActionsToTake Starting
64 silly install generateActionsToTake
65 silly generateActionsToTake Finishing
66 silly diffTrees action count 1
67 silly diffTrees add braingames-hexlet@1.0.2
68 silly decomposeActions action count 8
69 silly decomposeActions fetch braingames-hexlet@1.0.2
70 silly decomposeActions extract braingames-hexlet@1.0.2
71 silly decomposeActions test braingames-hexlet@1.0.2
72 silly decomposeActions preinstall braingames-hexlet@1.0.2
73 silly decomposeActions build braingames-hexlet@1.0.2
74 silly decomposeActions install braingames-hexlet@1.0.2
75 silly decomposeActions postinstall braingames-hexlet@1.0.2
76 silly decomposeActions finalize braingames-hexlet@1.0.2
77 silly executeActions Starting
78 silly install executeActions
79 silly doSerial global-install 0
80 silly doParallel fetch 1
81 verbose correctMkdir /home/alvi/.npm/_locks correctMkdir not in flight; initializing
82 verbose lock using /home/alvi/.npm/_locks/staging-0499db7d55cf97a9.lock for /home/alvi/.nvm/versions/node/v6.0.0/lib/node_modules/.staging
83 silly doParallel extract 1
84 silly extract braingames-hexlet@1.0.2
85 verbose unbuild lib/node_modules/.staging/braingames-hexlet-3d26b472
86 silly gentlyRm /home/alvi/.nvm/versions/node/v6.0.0/lib/node_modules/.staging/braingames-hexlet-3d26b472 is being purged from base /home/alvi/.nvm/versions/node/v6.0.0
87 verbose gentlyRm don't care about contents; nuking /home/alvi/.nvm/versions/node/v6.0.0/lib/node_modules/.staging/braingames-hexlet-3d26b472
88 verbose tar unpack /home/alvi/.npm/braingames-hexlet/1.0.2/package.tgz
89 verbose tar unpacking to /home/alvi/.nvm/versions/node/v6.0.0/lib/node_modules/.staging/braingames-hexlet-3d26b472
90 silly gentlyRm /home/alvi/.nvm/versions/node/v6.0.0/lib/node_modules/.staging/braingames-hexlet-3d26b472 is being purged
91 verbose gentlyRm don't care about contents; nuking /home/alvi/.nvm/versions/node/v6.0.0/lib/node_modules/.staging/braingames-hexlet-3d26b472
92 silly gunzTarPerm modes [ '775', '664' ]
93 silly gunzTarPerm extractEntry package.json
94 silly gunzTarPerm extractEntry .npmignore
95 silly gunzTarPerm extractEntry .babelrc
96 silly gunzTarPerm extractEntry Makefile
97 silly gunzTarPerm extractEntry src/bin/brain-games.js
98 silly gentlyRm /home/alvi/.nvm/versions/node/v6.0.0/lib/node_modules/.staging/braingames-hexlet-3d26b472/node_modules is being purged
99 verbose gentlyRm don't care about contents; nuking /home/alvi/.nvm/versions/node/v6.0.0/lib/node_modules/.staging/braingames-hexlet-3d26b472/node_modules
100 silly doParallel preinstall 1
101 silly preinstall braingames-hexlet@1.0.2 /home/alvi/.nvm/versions/node/v6.0.0/lib/node_modules/.staging/braingames-hexlet-3d26b472
102 info lifecycle braingames-hexlet@1.0.2~preinstall: braingames-hexlet@1.0.2
103 silly lifecycle braingames-hexlet@1.0.2~preinstall: no script for preinstall, continuing
104 silly doReverseSerial remove 0
105 silly doSerial move 0
106 silly doSerial finalize 1
107 silly finalize /home/alvi/.nvm/versions/node/v6.0.0/lib/node_modules/braingames-hexlet
108 silly doSerial build 1
109 silly build braingames-hexlet@1.0.2
110 info linkStuff braingames-hexlet@1.0.2
111 silly linkStuff braingames-hexlet@1.0.2 has /home/alvi/.nvm/versions/node/v6.0.0/lib/node_modules as its parent node_modules
112 silly linkStuff braingames-hexlet@1.0.2 is part of a global install
113 silly linkStuff braingames-hexlet@1.0.2 is installed into a global node_modules
114 silly linkStuff braingames-hexlet@1.0.2 is installed into the top-level global node_modules
115 verbose linkBins braingames-hexlet@1.0.2
116 verbose link bins [ { 'brain-games': 'dist/bin/brain-games.js' },
116 verbose link bins   '/home/alvi/.nvm/versions/node/v6.0.0/bin',
116 verbose link bins   true ]
117 verbose linkMans braingames-hexlet@1.0.2
118 verbose unlock done using /home/alvi/.npm/_locks/staging-0499db7d55cf97a9.lock for /home/alvi/.nvm/versions/node/v6.0.0/lib/node_modules/.staging
119 silly rollbackFailedOptional Starting
120 silly rollbackFailedOptional Finishing
121 silly runTopLevelLifecycles Starting
122 silly runTopLevelLifecycles Finishing
123 silly install printInstalled
124 verbose stack Error: ENOENT: no such file or directory, chmod '/home/alvi/.nvm/versions/node/v6.0.0/lib/node_modules/braingames-hexlet/dist/bin/brain-games.js'
124 verbose stack     at Error (native)
125 verbose cwd /home/alvi/Documents/Hexlet/project-lvl1-s132
126 error Linux 4.4.0-96-generic
127 error argv "/home/alvi/.nvm/versions/node/v6.0.0/bin/node" "/home/alvi/.nvm/versions/node/v6.0.0/bin/npm" "install" "-g" "braingames-hexlet"
128 error node v6.0.0
129 error npm  v3.8.6
130 error path /home/alvi/.nvm/versions/node/v6.0.0/lib/node_modules/braingames-hexlet/dist/bin/brain-games.js
131 error code ENOENT
132 error errno -2
133 error syscall chmod
134 error enoent ENOENT: no such file or directory, chmod '/home/alvi/.nvm/versions/node/v6.0.0/lib/node_modules/braingames-hexlet/dist/bin/brain-games.js'
135 error enoent ENOENT: no such file or directory, chmod '/home/alvi/.nvm/versions/node/v6.0.0/lib/node_modules/braingames-hexlet/dist/bin/brain-games.js'
135 error enoent This is most likely not a problem with npm itself
135 error enoent and is related to npm not being able to find a file.
136 verbose exit [ -2, true ]
